<?xml version="1.0" encoding="UTF-8"?>
<!-- Generated by org.testng.reporters.JUnitXMLReporter -->
<testsuite hostname="NTPC01507" name="Editing Empdetails" tests="8" failures="2" timestamp="17 Dec 2018 07:10:01 GMT" time="74.864" errors="0">
  <testcase name="@AfterClass endTest" time="0.0" classname="testcases.Addemployee">
    <failure type="java.lang.NullPointerException">
      <![CDATA[java.lang.NullPointerException
	at testcases.Addemployee.endTest(Addemployee.java:160)
... Removed 24 stack frames]]>
    </failure>
  </testcase> <!-- @AfterClass endTest -->
  <testcase name="@AfterTest teardown" time="0.0" classname="testcases.Addemployee">
    <skipped/>
  </testcase> <!-- @AfterTest teardown -->
  <testcase name="@AfterTest teardown" time="0.0" classname="testcases.Addemployee">
    <skipped/>
  </testcase> <!-- @AfterTest teardown -->
  <testcase name="login" time="7.366" classname="testcases.Addemployee"/>
  <testcase name="AddAdminQualification" time="0.464" classname="testcases.Addemployee">
    <failure type="org.openqa.selenium.interactions.MoveTargetOutOfBoundsException" message="Offset within element cannot be scrolled into view: (57.5, 15): https://opensource-demo.orangehrmlive.com/index.php/dashboard#
Command duration or timeout: 11 milliseconds
Build info: version: &amp;apos;2.53.1&amp;apos;, revision: &amp;apos;a36b8b1cd5757287168e54b817830adce9b0158d&amp;apos;, time: &amp;apos;2016-06-30 19:26:09&amp;apos;
System info: host: &amp;apos;NTPC01507&amp;apos;, ip: &amp;apos;172.16.4.202&amp;apos;, os.name: &amp;apos;Windows 8.1&amp;apos;, os.arch: &amp;apos;amd64&amp;apos;, os.version: &amp;apos;6.3&amp;apos;, java.version: &amp;apos;1.8.0_51&amp;apos;
Driver info: org.openqa.selenium.firefox.FirefoxDriver
Capabilities [{applicationCacheEnabled=true, rotatable=false, handlesAlerts=true, databaseEnabled=true, version=44.0, platform=WINDOWS, nativeEvents=false, acceptSslCerts=true, webStorageEnabled=true, locationContextEnabled=true, browserName=firefox, takesScreenshot=true, javascriptEnabled=true, cssSelectorsEnabled=true}]
Session ID: 78d93ebf-bde2-4a33-a92b-502317db9034">
      <![CDATA[org.openqa.selenium.interactions.MoveTargetOutOfBoundsException: Offset within element cannot be scrolled into view: (57.5, 15): https://opensource-demo.orangehrmlive.com/index.php/dashboard#
Command duration or timeout: 11 milliseconds
Build info: version: '2.53.1', revision: 'a36b8b1cd5757287168e54b817830adce9b0158d', time: '2016-06-30 19:26:09'
System info: host: 'NTPC01507', ip: '172.16.4.202', os.name: 'Windows 8.1', os.arch: 'amd64', os.version: '6.3', java.version: '1.8.0_51'
Driver info: org.openqa.selenium.firefox.FirefoxDriver
Capabilities [{applicationCacheEnabled=true, rotatable=false, handlesAlerts=true, databaseEnabled=true, version=44.0, platform=WINDOWS, nativeEvents=false, acceptSslCerts=true, webStorageEnabled=true, locationContextEnabled=true, browserName=firefox, takesScreenshot=true, javascriptEnabled=true, cssSelectorsEnabled=true}]
Session ID: 78d93ebf-bde2-4a33-a92b-502317db9034
	at org.openqa.selenium.remote.ErrorHandler.createThrowable(ErrorHandler.java:206)
	at org.openqa.selenium.remote.ErrorHandler.throwIfResponseFailed(ErrorHandler.java:158)
	at org.openqa.selenium.remote.RemoteWebDriver.execute(RemoteWebDriver.java:678)
	at org.openqa.selenium.remote.RemoteExecuteMethod.execute(RemoteExecuteMethod.java:35)
	at org.openqa.selenium.remote.RemoteMouse.mouseMove(RemoteMouse.java:89)
	at org.openqa.selenium.interactions.MoveMouseAction.perform(MoveMouseAction.java:39)
	at org.openqa.selenium.interactions.CompositeAction.perform(CompositeAction.java:50)
	at testcases.Addemployee.AddAdminQualification(Addemployee.java:91)
Caused by: org.openqa.selenium.interactions.MoveTargetOutOfBoundsException: Offset within element cannot be scrolled into view: (57.5, 15): https://opensource-demo.orangehrmlive.com/index.php/dashboard#
Build info: version: '2.53.1', revision: 'a36b8b1cd5757287168e54b817830adce9b0158d', time: '2016-06-30 19:26:09'
System info: host: 'NTPC01507', ip: '172.16.4.202', os.name: 'Windows 8.1', os.arch: 'amd64', os.version: '6.3', java.version: '1.8.0_51'
Driver info: driver.version: unknown
	at <anonymous class>.FirefoxDriver.prototype.mouseMoveTo(file:///C:/Users/SAGAR~1.CHA/AppData/Local/Temp/anonymous2192358196171490398webdriver-profile/extensions/fxdriver@googlecode.com/components/driver-component.js:11072)
	at <anonymous class>.DelayedCommand.prototype.executeInternal_/h(file:///C:/Users/SAGAR~1.CHA/AppData/Local/Temp/anonymous2192358196171490398webdriver-profile/extensions/fxdriver@googlecode.com/components/command-processor.js:12661)
	at <anonymous class>.DelayedCommand.prototype.executeInternal_(file:///C:/Users/SAGAR~1.CHA/AppData/Local/Temp/anonymous2192358196171490398webdriver-profile/extensions/fxdriver@googlecode.com/components/command-processor.js:12666)
	at <anonymous class>.DelayedCommand.prototype.execute/<(file:///C:/Users/SAGAR~1.CHA/AppData/Local/Temp/anonymous2192358196171490398webdriver-profile/extensions/fxdriver@googlecode.com/components/command-processor.js:12608)
	at <anonymous class>..send(https://opensource-demo.orangehrmlive.com/webres_5acde3dbd3adc6.90334155/js/jquery/jquery-1.7.2.min.js:4)
	at <anonymous class>..ajax(https://opensource-demo.orangehrmlive.com/webres_5acde3dbd3adc6.90334155/js/jquery/jquery-1.7.2.min.js:4)
	at <anonymous class>..domManip/<(https://opensource-demo.orangehrmlive.com/webres_5acde3dbd3adc6.90334155/js/jquery/jquery-1.7.2.min.js:4)
	at <anonymous class>.f</<.each(https://opensource-demo.orangehrmlive.com/webres_5acde3dbd3adc6.90334155/js/jquery/jquery-1.7.2.min.js:2)
	at <anonymous class>..domManip(https://opensource-demo.orangehrmlive.com/webres_5acde3dbd3adc6.90334155/js/jquery/jquery-1.7.2.min.js:4)
	at <anonymous class>..append(https://opensource-demo.orangehrmlive.com/webres_5acde3dbd3adc6.90334155/js/jquery/jquery-1.7.2.min.js:3)
	at <anonymous class>..html/<(https://opensource-demo.orangehrmlive.com/webres_5acde3dbd3adc6.90334155/js/jquery/jquery-1.7.2.min.js:4)
	at <anonymous class>.f</<.access(https://opensource-demo.orangehrmlive.com/webres_5acde3dbd3adc6.90334155/js/jquery/jquery-1.7.2.min.js:2)
	at <anonymous class>..html(https://opensource-demo.orangehrmlive.com/webres_5acde3dbd3adc6.90334155/js/jquery/jquery-1.7.2.min.js:4)
	at <anonymous class>..success(https://opensource-demo.orangehrmlive.com/index.php/dashboard:914)
	at <anonymous class>.f.Callbacks/o(https://opensource-demo.orangehrmlive.com/webres_5acde3dbd3adc6.90334155/js/jquery/jquery-1.7.2.min.js:2)
	at <anonymous class>.f.Callbacks/p.fireWith(https://opensource-demo.orangehrmlive.com/webres_5acde3dbd3adc6.90334155/js/jquery/jquery-1.7.2.min.js:2)
	at <anonymous class>.w(https://opensource-demo.orangehrmlive.com/webres_5acde3dbd3adc6.90334155/js/jquery/jquery-1.7.2.min.js:4)
	at <anonymous class>..send/d(https://opensource-demo.orangehrmlive.com/webres_5acde3dbd3adc6.90334155/js/jquery/jquery-1.7.2.min.js:4)
... Removed 28 stack frames]]>
    </failure>
  </testcase> <!-- AddAdminQualification -->
  <testcase name="AddEmp" time="6.109" classname="testcases.Addemployee"/>
  <testcase name="login" time="4.828" classname="testcases.Education_information"/>
  <testcase name="Pimtab1" time="1.264" classname="testcases.Education_information"/>
  <testcase name="SearchEmp" time="12.442" classname="testcases.Education_information"/>
  <testcase name="AddQualification" time="1.219" classname="testcases.Education_information"/>
  <testcase name="EditQualification" time="10.021" classname="testcases.Education_information">
    <failure type="org.openqa.selenium.NoSuchElementException" message="no such element: Unable to locate element: {&amp;quot;method&amp;quot;:&amp;quot;xpath&amp;quot;,&amp;quot;selector&amp;quot;:&amp;quot;//div[@id=&amp;apos;tblEducation&amp;apos;]/table/tbody/tr[1]/td[2]/a&amp;quot;}
  (Session info: chrome=72.0.3626.14)
  (Driver info: chromedriver=2.43.600210 (68dcf5eebde37173d4027fa8635e332711d2874a),platform=Windows NT 10.0.10240 x86_64) (WARNING: The server did not provide any stacktrace information)
Command duration or timeout: 10.01 seconds
For documentation on this error, please visit: http://seleniumhq.org/exceptions/no_such_element.html
Build info: version: &amp;apos;2.53.1&amp;apos;, revision: &amp;apos;a36b8b1cd5757287168e54b817830adce9b0158d&amp;apos;, time: &amp;apos;2016-06-30 19:26:09&amp;apos;
System info: host: &amp;apos;NTPC01507&amp;apos;, ip: &amp;apos;172.16.4.202&amp;apos;, os.name: &amp;apos;Windows 8.1&amp;apos;, os.arch: &amp;apos;amd64&amp;apos;, os.version: &amp;apos;6.3&amp;apos;, java.version: &amp;apos;1.8.0_51&amp;apos;
Driver info: org.openqa.selenium.chrome.ChromeDriver
Capabilities [{mobileEmulationEnabled=false, hasTouchScreen=false, platform=WIN8_1, acceptSslCerts=false, goog:chromeOptions={debuggerAddress=localhost:61643}, acceptInsecureCerts=false, webStorageEnabled=true, browserName=chrome, takesScreenshot=true, javascriptEnabled=true, setWindowRect=true, unexpectedAlertBehaviour=, applicationCacheEnabled=false, rotatable=false, networkConnectionEnabled=false, chrome={chromedriverVersion=2.43.600210 (68dcf5eebde37173d4027fa8635e332711d2874a), userDataDir=C:\Users\SAGAR~1.CHA\AppData\Local\Temp\scoped_dir11812_9621}, takesHeapSnapshot=true, pageLoadStrategy=normal, databaseEnabled=false, handlesAlerts=true, version=72.0.3626.14, browserConnectionEnabled=false, nativeEvents=true, locationContextEnabled=true, cssSelectorsEnabled=true}]
Session ID: 9bc817d8b4d4c1af7820f71c66f3c0cf
*** Element info: {Using=xpath, value=//div[@id=&amp;apos;tblEducation&amp;apos;]/table/tbody/tr[1]/td[2]/a}">
      <![CDATA[org.openqa.selenium.NoSuchElementException: no such element: Unable to locate element: {"method":"xpath","selector":"//div[@id='tblEducation']/table/tbody/tr[1]/td[2]/a"}
  (Session info: chrome=72.0.3626.14)
  (Driver info: chromedriver=2.43.600210 (68dcf5eebde37173d4027fa8635e332711d2874a),platform=Windows NT 10.0.10240 x86_64) (WARNING: The server did not provide any stacktrace information)
Command duration or timeout: 10.01 seconds
For documentation on this error, please visit: http://seleniumhq.org/exceptions/no_such_element.html
Build info: version: '2.53.1', revision: 'a36b8b1cd5757287168e54b817830adce9b0158d', time: '2016-06-30 19:26:09'
System info: host: 'NTPC01507', ip: '172.16.4.202', os.name: 'Windows 8.1', os.arch: 'amd64', os.version: '6.3', java.version: '1.8.0_51'
Driver info: org.openqa.selenium.chrome.ChromeDriver
Capabilities [{mobileEmulationEnabled=false, hasTouchScreen=false, platform=WIN8_1, acceptSslCerts=false, goog:chromeOptions={debuggerAddress=localhost:61643}, acceptInsecureCerts=false, webStorageEnabled=true, browserName=chrome, takesScreenshot=true, javascriptEnabled=true, setWindowRect=true, unexpectedAlertBehaviour=, applicationCacheEnabled=false, rotatable=false, networkConnectionEnabled=false, chrome={chromedriverVersion=2.43.600210 (68dcf5eebde37173d4027fa8635e332711d2874a), userDataDir=C:\Users\SAGAR~1.CHA\AppData\Local\Temp\scoped_dir11812_9621}, takesHeapSnapshot=true, pageLoadStrategy=normal, databaseEnabled=false, handlesAlerts=true, version=72.0.3626.14, browserConnectionEnabled=false, nativeEvents=true, locationContextEnabled=true, cssSelectorsEnabled=true}]
Session ID: 9bc817d8b4d4c1af7820f71c66f3c0cf
*** Element info: {Using=xpath, value=//div[@id='tblEducation']/table/tbody/tr[1]/td[2]/a}
	at org.openqa.selenium.remote.ErrorHandler.createThrowable(ErrorHandler.java:206)
	at org.openqa.selenium.remote.ErrorHandler.throwIfResponseFailed(ErrorHandler.java:158)
	at org.openqa.selenium.remote.RemoteWebDriver.execute(RemoteWebDriver.java:678)
	at org.openqa.selenium.remote.RemoteWebDriver.findElement(RemoteWebDriver.java:363)
	at org.openqa.selenium.remote.RemoteWebDriver.findElementByXPath(RemoteWebDriver.java:500)
	at org.openqa.selenium.By$ByXPath.findElement(By.java:361)
	at org.openqa.selenium.remote.RemoteWebDriver.findElement(RemoteWebDriver.java:355)
	at testcases.Education_information.EditQualification(Education_information.java:163)
... Removed 28 stack frames]]>
    </failure>
  </testcase> <!-- EditQualification -->
</testsuite> <!-- Editing Empdetails -->
