<html>
<head>
<title>TestNG:  Editing Empdetails</title>
<link href="../testng.css" rel="stylesheet" type="text/css" />
<link href="../my-testng.css" rel="stylesheet" type="text/css" />

<style type="text/css">
.log { display: none;} 
.stack-trace { display: none;} 
</style>
<script type="text/javascript">
<!--
function flip(e) {
  current = e.style.display;
  if (current == 'block') {
    e.style.display = 'none';
    return 0;
  }
  else {
    e.style.display = 'block';
    return 1;
  }
}

function toggleBox(szDivId, elem, msg1, msg2)
{
  var res = -1;  if (document.getElementById) {
    res = flip(document.getElementById(szDivId));
  }
  else if (document.all) {
    // this is the way old msie versions work
    res = flip(document.all[szDivId]);
  }
  if(elem) {
    if(res == 0) elem.innerHTML = msg1; else elem.innerHTML = msg2;
  }

}

function toggleAllBoxes() {
  if (document.getElementsByTagName) {
    d = document.getElementsByTagName('div');
    for (i = 0; i < d.length; i++) {
      if (d[i].className == 'log') {
        flip(d[i]);
      }
    }
  }
}

// -->
</script>

</head>
<body>
<h2 align='center'>Editing Empdetails</h2><table border='1' align="center">
<tr>
<td>Tests passed/Failed/Skipped:</td><td>6/2/0</td>
</tr><tr>
<td>Started on:</td><td>Mon Dec 17 12:38:46 IST 2018</td>
</tr>
<tr><td>Total time:</td><td>74 seconds (74864 ms)</td>
</tr><tr>
<td>Included groups:</td><td></td>
</tr><tr>
<td>Excluded groups:</td><td></td>
</tr>
</table><p/>
<small><i>(Hover the method name to see the test class name)</i></small><p/>
<table width='100%' border='1' class='invocation-failed'>
<tr><td colspan='4' align='center'><b>FAILED CONFIGURATIONS</b></td></tr>
<tr><td><b>Test method</b></td>
<td width="30%"><b>Exception</b></td>
<td width="10%"><b>Time (seconds)</b></td>
<td><b>Instance</b></td>
</tr>
<tr>
<td title='testcases.Addemployee.endTest()'><b>endTest</b><br>Test class: testcases.Addemployee</td>
<td><div><pre>java.lang.NullPointerException
	at testcases.Addemployee.endTest(Addemployee.java:160)
... Removed 24 stack frames</pre></div><a href='#' onClick='toggleBox("stack-trace1620948294", this, "Click to show all stack frames", "Click to hide stack frames")'>Click to show all stack frames</a>
<div class='stack-trace' id='stack-trace1620948294'><pre>java.lang.NullPointerException
	at testcases.Addemployee.endTest(Addemployee.java:160)
	at sun.reflect.NativeMethodAccessorImpl.invoke0(Native Method)
	at sun.reflect.NativeMethodAccessorImpl.invoke(Unknown Source)
	at sun.reflect.DelegatingMethodAccessorImpl.invoke(Unknown Source)
	at java.lang.reflect.Method.invoke(Unknown Source)
	at org.testng.internal.MethodInvocationHelper.invokeMethod(MethodInvocationHelper.java:80)
	at org.testng.internal.Invoker.invokeConfigurationMethod(Invoker.java:564)
	at org.testng.internal.Invoker.invokeConfigurations(Invoker.java:213)
	at org.testng.internal.Invoker.invokeConfigurations(Invoker.java:138)
	at org.testng.internal.TestMethodWorker.invokeAfterClassMethods(TestMethodWorker.java:225)
	at org.testng.internal.TestMethodWorker.run(TestMethodWorker.java:114)
	at org.testng.TestRunner.privateRun(TestRunner.java:767)
	at org.testng.TestRunner.run(TestRunner.java:617)
	at org.testng.SuiteRunner.runTest(SuiteRunner.java:334)
	at org.testng.SuiteRunner.runSequentially(SuiteRunner.java:329)
	at org.testng.SuiteRunner.privateRun(SuiteRunner.java:291)
	at org.testng.SuiteRunner.run(SuiteRunner.java:240)
	at org.testng.SuiteRunnerWorker.runSuite(SuiteRunnerWorker.java:52)
	at org.testng.SuiteRunnerWorker.run(SuiteRunnerWorker.java:86)
	at org.testng.TestNG.runSuitesSequentially(TestNG.java:1198)
	at org.testng.TestNG.runSuitesLocally(TestNG.java:1123)
	at org.testng.TestNG.run(TestNG.java:1031)
	at org.testng.remote.AbstractRemoteTestNG.run(AbstractRemoteTestNG.java:114)
	at org.testng.remote.RemoteTestNG.initAndRun(RemoteTestNG.java:251)
	at org.testng.remote.RemoteTestNG.main(RemoteTestNG.java:77)
</pre></div></td>
<td>0</td>
<td>testcases.Addemployee@4883b407</td></tr>
</table><p>
<table width='100%' border='1' class='invocation-skipped'>
<tr><td colspan='4' align='center'><b>SKIPPED CONFIGURATIONS</b></td></tr>
<tr><td><b>Test method</b></td>
<td width="30%"><b>Exception</b></td>
<td width="10%"><b>Time (seconds)</b></td>
<td><b>Instance</b></td>
</tr>
<tr>
<td title='testcases.Addemployee.teardown()'><b>teardown</b><br>Test class: testcases.Addemployee</td>
<td></td>
<td>0</td>
<td>null</td></tr>
<tr>
<td title='testcases.Addemployee.teardown()'><b>teardown</b><br>Test class: testcases.Addemployee</td>
<td></td>
<td>0</td>
<td>null</td></tr>
</table><p>
<table width='100%' border='1' class='invocation-failed'>
<tr><td colspan='4' align='center'><b>FAILED TESTS</b></td></tr>
<tr><td><b>Test method</b></td>
<td width="30%"><b>Exception</b></td>
<td width="10%"><b>Time (seconds)</b></td>
<td><b>Instance</b></td>
</tr>
<tr>
<td title='testcases.Addemployee.AddAdminQualification()'><b>AddAdminQualification</b><br>Test class: testcases.Addemployee</td>
<td><div><pre>org.openqa.selenium.interactions.MoveTargetOutOfBoundsException: Offset within element cannot be scrolled into view: (57.5, 15): https://opensource-demo.orangehrmlive.com/index.php/dashboard#
Command duration or timeout: 11 milliseconds
Build info: version: &apos;2.53.1&apos;, revision: &apos;a36b8b1cd5757287168e54b817830adce9b0158d&apos;, time: &apos;2016-06-30 19:26:09&apos;
System info: host: &apos;NTPC01507&apos;, ip: &apos;172.16.4.202&apos;, os.name: &apos;Windows 8.1&apos;, os.arch: &apos;amd64&apos;, os.version: &apos;6.3&apos;, java.version: &apos;1.8.0_51&apos;
Driver info: org.openqa.selenium.firefox.FirefoxDriver
Capabilities [{applicationCacheEnabled=true, rotatable=false, handlesAlerts=true, databaseEnabled=true, version=44.0, platform=WINDOWS, nativeEvents=false, acceptSslCerts=true, webStorageEnabled=true, locationContextEnabled=true, browserName=firefox, takesScreenshot=true, javascriptEnabled=true, cssSelectorsEnabled=true}]
Session ID: 78d93ebf-bde2-4a33-a92b-502317db9034
	at org.openqa.selenium.remote.ErrorHandler.createThrowable(ErrorHandler.java:206)
	at org.openqa.selenium.remote.ErrorHandler.throwIfResponseFailed(ErrorHandler.java:158)
	at org.openqa.selenium.remote.RemoteWebDriver.execute(RemoteWebDriver.java:678)
	at org.openqa.selenium.remote.RemoteExecuteMethod.execute(RemoteExecuteMethod.java:35)
	at org.openqa.selenium.remote.RemoteMouse.mouseMove(RemoteMouse.java:89)
	at org.openqa.selenium.interactions.MoveMouseAction.perform(MoveMouseAction.java:39)
	at org.openqa.selenium.interactions.CompositeAction.perform(CompositeAction.java:50)
	at testcases.Addemployee.AddAdminQualification(Addemployee.java:91)
Caused by: org.openqa.selenium.interactions.MoveTargetOutOfBoundsException: Offset within element cannot be scrolled into view: (57.5, 15): https://opensource-demo.orangehrmlive.com/index.php/dashboard#
Build info: version: &apos;2.53.1&apos;, revision: &apos;a36b8b1cd5757287168e54b817830adce9b0158d&apos;, time: &apos;2016-06-30 19:26:09&apos;
System info: host: &apos;NTPC01507&apos;, ip: &apos;172.16.4.202&apos;, os.name: &apos;Windows 8.1&apos;, os.arch: &apos;amd64&apos;, os.version: &apos;6.3&apos;, java.version: &apos;1.8.0_51&apos;
Driver info: driver.version: unknown
	at &lt;anonymous class&gt;.FirefoxDriver.prototype.mouseMoveTo(file:///C:/Users/SAGAR~1.CHA/AppData/Local/Temp/anonymous2192358196171490398webdriver-profile/extensions/fxdriver@googlecode.com/components/driver-component.js:11072)
	at &lt;anonymous class&gt;.DelayedCommand.prototype.executeInternal_/h(file:///C:/Users/SAGAR~1.CHA/AppData/Local/Temp/anonymous2192358196171490398webdriver-profile/extensions/fxdriver@googlecode.com/components/command-processor.js:12661)
	at &lt;anonymous class&gt;.DelayedCommand.prototype.executeInternal_(file:///C:/Users/SAGAR~1.CHA/AppData/Local/Temp/anonymous2192358196171490398webdriver-profile/extensions/fxdriver@googlecode.com/components/command-processor.js:12666)
	at &lt;anonymous class&gt;.DelayedCommand.prototype.execute/&lt;(file:///C:/Users/SAGAR~1.CHA/AppData/Local/Temp/anonymous2192358196171490398webdriver-profile/extensions/fxdriver@googlecode.com/components/command-processor.js:12608)
	at &lt;anonymous class&gt;..send(https://opensource-demo.orangehrmlive.com/webres_5acde3dbd3adc6.90334155/js/jquery/jquery-1.7.2.min.js:4)
	at &lt;anonymous class&gt;..ajax(https://opensource-demo.orangehrmlive.com/webres_5acde3dbd3adc6.90334155/js/jquery/jquery-1.7.2.min.js:4)
	at &lt;anonymous class&gt;..domManip/&lt;(https://opensource-demo.orangehrmlive.com/webres_5acde3dbd3adc6.90334155/js/jquery/jquery-1.7.2.min.js:4)
	at &lt;anonymous class&gt;.f&lt;/&lt;.each(https://opensource-demo.orangehrmlive.com/webres_5acde3dbd3adc6.90334155/js/jquery/jquery-1.7.2.min.js:2)
	at &lt;anonymous class&gt;..domManip(https://opensource-demo.orangehrmlive.com/webres_5acde3dbd3adc6.90334155/js/jquery/jquery-1.7.2.min.js:4)
	at &lt;anonymous class&gt;..append(https://opensource-demo.orangehrmlive.com/webres_5acde3dbd3adc6.90334155/js/jquery/jquery-1.7.2.min.js:3)
	at &lt;anonymous class&gt;..html/&lt;(https://opensource-demo.orangehrmlive.com/webres_5acde3dbd3adc6.90334155/js/jquery/jquery-1.7.2.min.js:4)
	at &lt;anonymous class&gt;.f&lt;/&lt;.access(https://opensource-demo.orangehrmlive.com/webres_5acde3dbd3adc6.90334155/js/jquery/jquery-1.7.2.min.js:2)
	at &lt;anonymous class&gt;..html(https://opensource-demo.orangehrmlive.com/webres_5acde3dbd3adc6.90334155/js/jquery/jquery-1.7.2.min.js:4)
	at &lt;anonymous class&gt;..success(https://opensource-demo.orangehrmlive.com/index.php/dashboard:914)
	at &lt;anonymous class&gt;.f.Callbacks/o(https://opensource-demo.orangehrmlive.com/webres_5acde3dbd3adc6.90334155/js/jquery/jquery-1.7.2.min.js:2)
	at &lt;anonymous class&gt;.f.Callbacks/p.fireWith(https://opensource-demo.orangehrmlive.com/webres_5acde3dbd3adc6.90334155/js/jquery/jquery-1.7.2.min.js:2)
	at &lt;anonymous class&gt;.w(https://opensource-demo.orangehrmlive.com/webres_5acde3dbd3adc6.90334155/js/jquery/jquery-1.7.2.min.js:4)
	at &lt;anonymous class&gt;..send/d(https://opensource-demo.orangehrmlive.com/webres_5acde3dbd3adc6.90334155/js/jquery/jquery-1.7.2.min.js:4)
... Removed 28 stack frames</pre></div><a href='#' onClick='toggleBox("stack-trace808417649", this, "Click to show all stack frames", "Click to hide stack frames")'>Click to show all stack frames</a>
<div class='stack-trace' id='stack-trace808417649'><pre>org.openqa.selenium.interactions.MoveTargetOutOfBoundsException: Offset within element cannot be scrolled into view: (57.5, 15): https://opensource-demo.orangehrmlive.com/index.php/dashboard#
Command duration or timeout: 11 milliseconds
Build info: version: &apos;2.53.1&apos;, revision: &apos;a36b8b1cd5757287168e54b817830adce9b0158d&apos;, time: &apos;2016-06-30 19:26:09&apos;
System info: host: &apos;NTPC01507&apos;, ip: &apos;172.16.4.202&apos;, os.name: &apos;Windows 8.1&apos;, os.arch: &apos;amd64&apos;, os.version: &apos;6.3&apos;, java.version: &apos;1.8.0_51&apos;
Driver info: org.openqa.selenium.firefox.FirefoxDriver
Capabilities [{applicationCacheEnabled=true, rotatable=false, handlesAlerts=true, databaseEnabled=true, version=44.0, platform=WINDOWS, nativeEvents=false, acceptSslCerts=true, webStorageEnabled=true, locationContextEnabled=true, browserName=firefox, takesScreenshot=true, javascriptEnabled=true, cssSelectorsEnabled=true}]
Session ID: 78d93ebf-bde2-4a33-a92b-502317db9034
	at sun.reflect.NativeConstructorAccessorImpl.newInstance0(Native Method)
	at sun.reflect.NativeConstructorAccessorImpl.newInstance(Unknown Source)
	at sun.reflect.DelegatingConstructorAccessorImpl.newInstance(Unknown Source)
	at java.lang.reflect.Constructor.newInstance(Unknown Source)
	at org.openqa.selenium.remote.ErrorHandler.createThrowable(ErrorHandler.java:206)
	at org.openqa.selenium.remote.ErrorHandler.throwIfResponseFailed(ErrorHandler.java:158)
	at org.openqa.selenium.remote.RemoteWebDriver.execute(RemoteWebDriver.java:678)
	at org.openqa.selenium.remote.RemoteExecuteMethod.execute(RemoteExecuteMethod.java:35)
	at org.openqa.selenium.remote.RemoteMouse.mouseMove(RemoteMouse.java:89)
	at org.openqa.selenium.interactions.MoveMouseAction.perform(MoveMouseAction.java:39)
	at org.openqa.selenium.interactions.CompositeAction.perform(CompositeAction.java:50)
	at testcases.Addemployee.AddAdminQualification(Addemployee.java:91)
	at sun.reflect.NativeMethodAccessorImpl.invoke0(Native Method)
	at sun.reflect.NativeMethodAccessorImpl.invoke(Unknown Source)
	at sun.reflect.DelegatingMethodAccessorImpl.invoke(Unknown Source)
	at java.lang.reflect.Method.invoke(Unknown Source)
	at org.testng.internal.MethodInvocationHelper.invokeMethod(MethodInvocationHelper.java:80)
	at org.testng.internal.Invoker.invokeMethod(Invoker.java:714)
	at org.testng.internal.Invoker.invokeTestMethod(Invoker.java:901)
	at org.testng.internal.Invoker.invokeTestMethods(Invoker.java:1231)
	at org.testng.internal.TestMethodWorker.invokeTestMethods(TestMethodWorker.java:127)
	at org.testng.internal.TestMethodWorker.run(TestMethodWorker.java:111)
	at org.testng.TestRunner.privateRun(TestRunner.java:767)
	at org.testng.TestRunner.run(TestRunner.java:617)
	at org.testng.SuiteRunner.runTest(SuiteRunner.java:334)
	at org.testng.SuiteRunner.runSequentially(SuiteRunner.java:329)
	at org.testng.SuiteRunner.privateRun(SuiteRunner.java:291)
	at org.testng.SuiteRunner.run(SuiteRunner.java:240)
	at org.testng.SuiteRunnerWorker.runSuite(SuiteRunnerWorker.java:52)
	at org.testng.SuiteRunnerWorker.run(SuiteRunnerWorker.java:86)
	at org.testng.TestNG.runSuitesSequentially(TestNG.java:1198)
	at org.testng.TestNG.runSuitesLocally(TestNG.java:1123)
	at org.testng.TestNG.run(TestNG.java:1031)
	at org.testng.remote.AbstractRemoteTestNG.run(AbstractRemoteTestNG.java:114)
	at org.testng.remote.RemoteTestNG.initAndRun(RemoteTestNG.java:251)
	at org.testng.remote.RemoteTestNG.main(RemoteTestNG.java:77)
Caused by: org.openqa.selenium.interactions.MoveTargetOutOfBoundsException: Offset within element cannot be scrolled into view: (57.5, 15): https://opensource-demo.orangehrmlive.com/index.php/dashboard#
Build info: version: &apos;2.53.1&apos;, revision: &apos;a36b8b1cd5757287168e54b817830adce9b0158d&apos;, time: &apos;2016-06-30 19:26:09&apos;
System info: host: &apos;NTPC01507&apos;, ip: &apos;172.16.4.202&apos;, os.name: &apos;Windows 8.1&apos;, os.arch: &apos;amd64&apos;, os.version: &apos;6.3&apos;, java.version: &apos;1.8.0_51&apos;
Driver info: driver.version: unknown
	at &lt;anonymous class&gt;.FirefoxDriver.prototype.mouseMoveTo(file:///C:/Users/SAGAR~1.CHA/AppData/Local/Temp/anonymous2192358196171490398webdriver-profile/extensions/fxdriver@googlecode.com/components/driver-component.js:11072)
	at &lt;anonymous class&gt;.DelayedCommand.prototype.executeInternal_/h(file:///C:/Users/SAGAR~1.CHA/AppData/Local/Temp/anonymous2192358196171490398webdriver-profile/extensions/fxdriver@googlecode.com/components/command-processor.js:12661)
	at &lt;anonymous class&gt;.DelayedCommand.prototype.executeInternal_(file:///C:/Users/SAGAR~1.CHA/AppData/Local/Temp/anonymous2192358196171490398webdriver-profile/extensions/fxdriver@googlecode.com/components/command-processor.js:12666)
	at &lt;anonymous class&gt;.DelayedCommand.prototype.execute/&lt;(file:///C:/Users/SAGAR~1.CHA/AppData/Local/Temp/anonymous2192358196171490398webdriver-profile/extensions/fxdriver@googlecode.com/components/command-processor.js:12608)
	at &lt;anonymous class&gt;..send(https://opensource-demo.orangehrmlive.com/webres_5acde3dbd3adc6.90334155/js/jquery/jquery-1.7.2.min.js:4)
	at &lt;anonymous class&gt;..ajax(https://opensource-demo.orangehrmlive.com/webres_5acde3dbd3adc6.90334155/js/jquery/jquery-1.7.2.min.js:4)
	at &lt;anonymous class&gt;..domManip/&lt;(https://opensource-demo.orangehrmlive.com/webres_5acde3dbd3adc6.90334155/js/jquery/jquery-1.7.2.min.js:4)
	at &lt;anonymous class&gt;.f&lt;/&lt;.each(https://opensource-demo.orangehrmlive.com/webres_5acde3dbd3adc6.90334155/js/jquery/jquery-1.7.2.min.js:2)
	at &lt;anonymous class&gt;..domManip(https://opensource-demo.orangehrmlive.com/webres_5acde3dbd3adc6.90334155/js/jquery/jquery-1.7.2.min.js:4)
	at &lt;anonymous class&gt;..append(https://opensource-demo.orangehrmlive.com/webres_5acde3dbd3adc6.90334155/js/jquery/jquery-1.7.2.min.js:3)
	at &lt;anonymous class&gt;..html/&lt;(https://opensource-demo.orangehrmlive.com/webres_5acde3dbd3adc6.90334155/js/jquery/jquery-1.7.2.min.js:4)
	at &lt;anonymous class&gt;.f&lt;/&lt;.access(https://opensource-demo.orangehrmlive.com/webres_5acde3dbd3adc6.90334155/js/jquery/jquery-1.7.2.min.js:2)
	at &lt;anonymous class&gt;..html(https://opensource-demo.orangehrmlive.com/webres_5acde3dbd3adc6.90334155/js/jquery/jquery-1.7.2.min.js:4)
	at &lt;anonymous class&gt;..success(https://opensource-demo.orangehrmlive.com/index.php/dashboard:914)
	at &lt;anonymous class&gt;.f.Callbacks/o(https://opensource-demo.orangehrmlive.com/webres_5acde3dbd3adc6.90334155/js/jquery/jquery-1.7.2.min.js:2)
	at &lt;anonymous class&gt;.f.Callbacks/p.fireWith(https://opensource-demo.orangehrmlive.com/webres_5acde3dbd3adc6.90334155/js/jquery/jquery-1.7.2.min.js:2)
	at &lt;anonymous class&gt;.w(https://opensource-demo.orangehrmlive.com/webres_5acde3dbd3adc6.90334155/js/jquery/jquery-1.7.2.min.js:4)
	at &lt;anonymous class&gt;..send/d(https://opensource-demo.orangehrmlive.com/webres_5acde3dbd3adc6.90334155/js/jquery/jquery-1.7.2.min.js:4)
</pre></div></td>
<td>0</td>
<td>testcases.Addemployee@4883b407</td></tr>
<tr>
<td title='testcases.Education_information.EditQualification()'><b>EditQualification</b><br>Test class: testcases.Education_information</td>
<td><div><pre>org.openqa.selenium.NoSuchElementException: no such element: Unable to locate element: {&quot;method&quot;:&quot;xpath&quot;,&quot;selector&quot;:&quot;//div[@id=&apos;tblEducation&apos;]/table/tbody/tr[1]/td[2]/a&quot;}
  (Session info: chrome=72.0.3626.14)
  (Driver info: chromedriver=2.43.600210 (68dcf5eebde37173d4027fa8635e332711d2874a),platform=Windows NT 10.0.10240 x86_64) (WARNING: The server did not provide any stacktrace information)
Command duration or timeout: 10.01 seconds
For documentation on this error, please visit: http://seleniumhq.org/exceptions/no_such_element.html
Build info: version: &apos;2.53.1&apos;, revision: &apos;a36b8b1cd5757287168e54b817830adce9b0158d&apos;, time: &apos;2016-06-30 19:26:09&apos;
System info: host: &apos;NTPC01507&apos;, ip: &apos;172.16.4.202&apos;, os.name: &apos;Windows 8.1&apos;, os.arch: &apos;amd64&apos;, os.version: &apos;6.3&apos;, java.version: &apos;1.8.0_51&apos;
Driver info: org.openqa.selenium.chrome.ChromeDriver
Capabilities [{mobileEmulationEnabled=false, hasTouchScreen=false, platform=WIN8_1, acceptSslCerts=false, goog:chromeOptions={debuggerAddress=localhost:61643}, acceptInsecureCerts=false, webStorageEnabled=true, browserName=chrome, takesScreenshot=true, javascriptEnabled=true, setWindowRect=true, unexpectedAlertBehaviour=, applicationCacheEnabled=false, rotatable=false, networkConnectionEnabled=false, chrome={chromedriverVersion=2.43.600210 (68dcf5eebde37173d4027fa8635e332711d2874a), userDataDir=C:\Users\SAGAR~1.CHA\AppData\Local\Temp\scoped_dir11812_9621}, takesHeapSnapshot=true, pageLoadStrategy=normal, databaseEnabled=false, handlesAlerts=true, version=72.0.3626.14, browserConnectionEnabled=false, nativeEvents=true, locationContextEnabled=true, cssSelectorsEnabled=true}]
Session ID: 9bc817d8b4d4c1af7820f71c66f3c0cf
*** Element info: {Using=xpath, value=//div[@id=&apos;tblEducation&apos;]/table/tbody/tr[1]/td[2]/a}
	at org.openqa.selenium.remote.ErrorHandler.createThrowable(ErrorHandler.java:206)
	at org.openqa.selenium.remote.ErrorHandler.throwIfResponseFailed(ErrorHandler.java:158)
	at org.openqa.selenium.remote.RemoteWebDriver.execute(RemoteWebDriver.java:678)
	at org.openqa.selenium.remote.RemoteWebDriver.findElement(RemoteWebDriver.java:363)
	at org.openqa.selenium.remote.RemoteWebDriver.findElementByXPath(RemoteWebDriver.java:500)
	at org.openqa.selenium.By$ByXPath.findElement(By.java:361)
	at org.openqa.selenium.remote.RemoteWebDriver.findElement(RemoteWebDriver.java:355)
	at testcases.Education_information.EditQualification(Education_information.java:163)
... Removed 28 stack frames</pre></div><a href='#' onClick='toggleBox("stack-trace1163619825", this, "Click to show all stack frames", "Click to hide stack frames")'>Click to show all stack frames</a>
<div class='stack-trace' id='stack-trace1163619825'><pre>org.openqa.selenium.NoSuchElementException: no such element: Unable to locate element: {&quot;method&quot;:&quot;xpath&quot;,&quot;selector&quot;:&quot;//div[@id=&apos;tblEducation&apos;]/table/tbody/tr[1]/td[2]/a&quot;}
  (Session info: chrome=72.0.3626.14)
  (Driver info: chromedriver=2.43.600210 (68dcf5eebde37173d4027fa8635e332711d2874a),platform=Windows NT 10.0.10240 x86_64) (WARNING: The server did not provide any stacktrace information)
Command duration or timeout: 10.01 seconds
For documentation on this error, please visit: http://seleniumhq.org/exceptions/no_such_element.html
Build info: version: &apos;2.53.1&apos;, revision: &apos;a36b8b1cd5757287168e54b817830adce9b0158d&apos;, time: &apos;2016-06-30 19:26:09&apos;
System info: host: &apos;NTPC01507&apos;, ip: &apos;172.16.4.202&apos;, os.name: &apos;Windows 8.1&apos;, os.arch: &apos;amd64&apos;, os.version: &apos;6.3&apos;, java.version: &apos;1.8.0_51&apos;
Driver info: org.openqa.selenium.chrome.ChromeDriver
Capabilities [{mobileEmulationEnabled=false, hasTouchScreen=false, platform=WIN8_1, acceptSslCerts=false, goog:chromeOptions={debuggerAddress=localhost:61643}, acceptInsecureCerts=false, webStorageEnabled=true, browserName=chrome, takesScreenshot=true, javascriptEnabled=true, setWindowRect=true, unexpectedAlertBehaviour=, applicationCacheEnabled=false, rotatable=false, networkConnectionEnabled=false, chrome={chromedriverVersion=2.43.600210 (68dcf5eebde37173d4027fa8635e332711d2874a), userDataDir=C:\Users\SAGAR~1.CHA\AppData\Local\Temp\scoped_dir11812_9621}, takesHeapSnapshot=true, pageLoadStrategy=normal, databaseEnabled=false, handlesAlerts=true, version=72.0.3626.14, browserConnectionEnabled=false, nativeEvents=true, locationContextEnabled=true, cssSelectorsEnabled=true}]
Session ID: 9bc817d8b4d4c1af7820f71c66f3c0cf
*** Element info: {Using=xpath, value=//div[@id=&apos;tblEducation&apos;]/table/tbody/tr[1]/td[2]/a}
	at sun.reflect.NativeConstructorAccessorImpl.newInstance0(Native Method)
	at sun.reflect.NativeConstructorAccessorImpl.newInstance(Unknown Source)
	at sun.reflect.DelegatingConstructorAccessorImpl.newInstance(Unknown Source)
	at java.lang.reflect.Constructor.newInstance(Unknown Source)
	at org.openqa.selenium.remote.ErrorHandler.createThrowable(ErrorHandler.java:206)
	at org.openqa.selenium.remote.ErrorHandler.throwIfResponseFailed(ErrorHandler.java:158)
	at org.openqa.selenium.remote.RemoteWebDriver.execute(RemoteWebDriver.java:678)
	at org.openqa.selenium.remote.RemoteWebDriver.findElement(RemoteWebDriver.java:363)
	at org.openqa.selenium.remote.RemoteWebDriver.findElementByXPath(RemoteWebDriver.java:500)
	at org.openqa.selenium.By$ByXPath.findElement(By.java:361)
	at org.openqa.selenium.remote.RemoteWebDriver.findElement(RemoteWebDriver.java:355)
	at testcases.Education_information.EditQualification(Education_information.java:163)
	at sun.reflect.NativeMethodAccessorImpl.invoke0(Native Method)
	at sun.reflect.NativeMethodAccessorImpl.invoke(Unknown Source)
	at sun.reflect.DelegatingMethodAccessorImpl.invoke(Unknown Source)
	at java.lang.reflect.Method.invoke(Unknown Source)
	at org.testng.internal.MethodInvocationHelper.invokeMethod(MethodInvocationHelper.java:80)
	at org.testng.internal.Invoker.invokeMethod(Invoker.java:714)
	at org.testng.internal.Invoker.invokeTestMethod(Invoker.java:901)
	at org.testng.internal.Invoker.invokeTestMethods(Invoker.java:1231)
	at org.testng.internal.TestMethodWorker.invokeTestMethods(TestMethodWorker.java:127)
	at org.testng.internal.TestMethodWorker.run(TestMethodWorker.java:111)
	at org.testng.TestRunner.privateRun(TestRunner.java:767)
	at org.testng.TestRunner.run(TestRunner.java:617)
	at org.testng.SuiteRunner.runTest(SuiteRunner.java:334)
	at org.testng.SuiteRunner.runSequentially(SuiteRunner.java:329)
	at org.testng.SuiteRunner.privateRun(SuiteRunner.java:291)
	at org.testng.SuiteRunner.run(SuiteRunner.java:240)
	at org.testng.SuiteRunnerWorker.runSuite(SuiteRunnerWorker.java:52)
	at org.testng.SuiteRunnerWorker.run(SuiteRunnerWorker.java:86)
	at org.testng.TestNG.runSuitesSequentially(TestNG.java:1198)
	at org.testng.TestNG.runSuitesLocally(TestNG.java:1123)
	at org.testng.TestNG.run(TestNG.java:1031)
	at org.testng.remote.AbstractRemoteTestNG.run(AbstractRemoteTestNG.java:114)
	at org.testng.remote.RemoteTestNG.initAndRun(RemoteTestNG.java:251)
	at org.testng.remote.RemoteTestNG.main(RemoteTestNG.java:77)
</pre></div></td>
<td>10</td>
<td>testcases.Education_information@6eebc39e</td></tr>
</table><p>
<table width='100%' border='1' class='invocation-passed'>
<tr><td colspan='4' align='center'><b>PASSED TESTS</b></td></tr>
<tr><td><b>Test method</b></td>
<td width="30%"><b>Exception</b></td>
<td width="10%"><b>Time (seconds)</b></td>
<td><b>Instance</b></td>
</tr>
<tr>
<td title='testcases.Addemployee.AddEmp()'><b>AddEmp</b><br>Test class: testcases.Addemployee</td>
<td></td>
<td>6</td>
<td>testcases.Addemployee@4883b407</td></tr>
<tr>
<td title='testcases.Education_information.AddQualification()'><b>AddQualification</b><br>Test class: testcases.Education_information</td>
<td></td>
<td>1</td>
<td>testcases.Education_information@6eebc39e</td></tr>
<tr>
<td title='testcases.Education_information.Pimtab1()'><b>Pimtab1</b><br>Test class: testcases.Education_information</td>
<td></td>
<td>1</td>
<td>testcases.Education_information@6eebc39e</td></tr>
<tr>
<td title='testcases.Education_information.SearchEmp()'><b>SearchEmp</b><br>Test class: testcases.Education_information</td>
<td></td>
<td>12</td>
<td>testcases.Education_information@6eebc39e</td></tr>
<tr>
<td title='testcases.Addemployee.login()'><b>login</b><br>Test class: testcases.Addemployee</td>
<td></td>
<td>7</td>
<td>testcases.Addemployee@4883b407</td></tr>
<tr>
<td title='testcases.Education_information.login()'><b>login</b><br>Test class: testcases.Education_information</td>
<td></td>
<td>4</td>
<td>testcases.Education_information@6eebc39e</td></tr>
</table><p>
</body>
</html>